[INFO              ] Kivy v1.8.0
[INFO              ] [Factory     ] 157 symbols loaded
[DEBUG             ] [Cache       ] register <kv.lang> with limit=None, timeout=Nones
[DEBUG             ] [Cache       ] register <kv.image> with limit=None, timeout=60s
[DEBUG             ] [Cache       ] register <kv.atlas> with limit=None, timeout=Nones
[INFO              ] [Image       ] Providers: img_tex, img_dds, img_pygame, img_pil, img_gif 
[DEBUG             ] [Cache       ] register <kv.texture> with limit=1000, timeout=60s
[DEBUG             ] [Cache       ] register <kv.shader> with limit=1000, timeout=3600s
[INFO              ] [Text        ] Provider: pygame
[INFO              ] [Audio       ] Providers:  (audio_pygst, audio_sdl, audio_pygame ignored)
[DEBUG             ] [App         ] Loading kv <./plano.kv>
[DEBUG             ] [Window      ] Ignored <egl_rpi> (import error)
[INFO              ] [Window      ] Provider: pygame(['window_egl_rpi'] ignored)
[DEBUG             ] [WinPygame   ] Set window to fullscreen mode
[DEBUG             ] [Window      ] Display driver android
[DEBUG             ] [Window      ] Actual window size: 800x1280
[INFO              ] [GL          ] OpenGL version <OpenGL ES 2.0>
[INFO              ] [GL          ] OpenGL vendor <ARM>
[INFO              ] [GL          ] OpenGL renderer <Mali-400 MP>
[INFO              ] [GL          ] OpenGL parsed version: 2, 0
[INFO              ] [GL          ] Texture max size <4096>
[INFO              ] [GL          ] Texture max units <8>
[DEBUG             ] [Shader      ] Fragment compiled successfully
[DEBUG             ] [Shader      ] Vertex compiled successfully
[DEBUG             ] [ImagePygame ] Load </data/data/com.hipipal.qpyplus/files/lib/python2.7/site-packages/kivy/data/glsl/default.png>
[INFO              ] [Support     ] Android install hooks
[INFO              ] [Window      ] virtual keyboard not allowed, single mode, not docked
[DEBUG             ] [Cache       ] register <kv.loader> with limit=500, timeout=60s
[INFO              ] [Loader      ] using a thread pool of 2 workers
[DEBUG             ] [ImagePygame ] Load <plano.jpg>
[INFO              ] [GL          ] NPOT texture support is available
java.lang.NullPointerException
[INFO              ] [OSC         ] using <thread> for socket
[DEBUG             ] [Base        ] Create provider from android
[INFO              ] [Base        ] Start application main loop
[INFO              ] [Android     ] found 17 joystick
[INFO              ] [Android     ] create joystick <0>
[INFO              ] [Android     ] discard joystick <0> cause no button
[INFO              ] [Android     ] create joystick <1>
[INFO              ] [Android     ] create joystick <2>
[INFO              ] [Android     ] create joystick <3>
[INFO              ] [Android     ] create joystick <4>
[INFO              ] [Android     ] create joystick <5>
[INFO              ] [Android     ] create joystick <6>
[INFO              ] [Android     ] create joystick <7>
[INFO              ] [Android     ] create joystick <8>
[INFO              ] [Android     ] create joystick <9>
[INFO              ] [Android     ] create joystick <10>
[INFO              ] [Android     ] create joystick <11>
[INFO              ] [Android     ] create joystick <12>
[INFO              ] [Android     ] create joystick <13>
[INFO              ] [Android     ] create joystick <14>
[INFO              ] [Android     ] create joystick <15>
[INFO              ] [Android     ] create joystick <16>
[DEBUG             ] [Atlas       ] Load </data/data/com.hipipal.qpyplus/files/lib/python2.7/site-packages/kivy/data/../data/images/defaulttheme.atlas>
[DEBUG             ] [Atlas       ] Need to load 1 images
[DEBUG             ] [Atlas       ] Load </data/data/com.hipipal.qpyplus/files/lib/python2.7/site-packages/kivy/data/../data/images/defaulttheme-0.png>
[DEBUG             ] [ImagePygame ] Load </data/data/com.hipipal.qpyplus/files/lib/python2.7/site-packages/kivy/data/../data/images/defaulttheme-0.png>
[INFO              ] [Base        ] Leaving application in progress...
 Traceback (most recent call last):
   File "main.py", line 164, in <module>
     PlanoApp().run()
   File "/QPython/core/build/python-install/lib/python2.7/site-packages/kivy/app.py", line 792, in run
   File "/QPython/core/build/python-install/lib/python2.7/site-packages/kivy/base.py", line 481, in runTouchApp
   File "/QPython/core/build/python-install/lib/python2.7/site-packages/kivy/core/window/window_pygame.py", line 381, in mainloop
   File "/QPython/core/build/python-install/lib/python2.7/site-packages/kivy/core/window/window_pygame.py", line 287, in _mainloop
   File "/QPython/core/build/python-install/lib/python2.7/site-packages/kivy/base.py", line 324, in idle
   File "/QPython/core/build/python-install/lib/python2.7/site-packages/kivy/base.py", line 309, in dispatch_input
   File "/QPython/core/build/python-install/lib/python2.7/site-packages/kivy/base.py", line 220, in post_dispatch_input
   File "_event.pyx", line 316, in kivy._event.EventDispatcher.dispatch (kivy/_event.c:4409)
   File "/QPython/core/build/python-install/lib/python2.7/site-packages/kivy/core/window/__init__.py", line 648, in on_motion
   File "_event.pyx", line 316, in kivy._event.EventDispatcher.dispatch (kivy/_event.c:4409)
   File "/QPython/core/build/python-install/lib/python2.7/site-packages/kivy/core/window/__init__.py", line 660, in on_touch_down
   File "_event.pyx", line 316, in kivy._event.EventDispatcher.dispatch (kivy/_event.c:4409)
   File "main.py", line 68, in on_touch_down
     return super(Scatter2, self).on_touch_down(touch)
   File "/QPython/core/build/python-install/lib/python2.7/site-packages/kivy/uix/scatter.py", line 479, in on_touch_down
   File "/QPython/core/build/python-install/lib/python2.7/site-packages/kivy/uix/widget.py", line 284, in on_touch_down
   File "_event.pyx", line 316, in kivy._event.EventDispatcher.dispatch (kivy/_event.c:4409)
   File "/QPython/core/build/python-install/lib/python2.7/site-packages/kivy/uix/behaviors.py", line 93, in on_touch_down
   File "_event.pyx", line 312, in kivy._event.EventDispatcher.dispatch (kivy/_event.c:4359)
   File "main.py", line 134, in ubicar
     for point in self.aps:
 AttributeError: 'Scatter2' object has no attribute 'aps'

